TN:
SF:/home/user/projects/heap_impl/src/libs/heap.c
FN:31,_Z8heapInitPvmm
FN:48,_Z9heapAlloct
FN:89,_Z8heapFreePh
FNDA:2,_Z8heapInitPvmm
FNDA:0,_Z8heapFreePh
FNDA:2,_Z9heapAlloct
FNF:3
FNH:2
BRDA:34,0,0,1
BRDA:34,0,1,1
BRDA:34,0,2,1
BRDA:34,0,3,0
BRDA:50,0,0,2
BRDA:50,0,1,0
BRDA:56,0,0,-
BRDA:56,0,1,-
BRDA:59,0,0,-
BRDA:59,0,1,-
BRDA:64,0,0,-
BRDA:64,0,1,-
BRDA:69,0,0,-
BRDA:69,0,1,-
BRDA:73,0,0,-
BRDA:73,0,1,-
BRDA:91,0,0,-
BRDA:91,0,1,-
BRDA:91,0,2,-
BRDA:91,0,3,-
BRDA:91,0,4,-
BRDA:91,0,5,-
BRDA:94,0,0,-
BRDA:94,0,1,-
BRDA:94,0,2,-
BRDA:94,0,3,-
BRF:26
BRH:4
DA:31,2
DA:34,2
DA:35,2
DA:37,0
DA:40,0
DA:41,0
DA:42,0
DA:43,0
DA:44,0
DA:45,0
DA:48,2
DA:50,2
DA:51,2
DA:52,0
DA:53,0
DA:56,0
DA:59,0
DA:62,0
DA:64,0
DA:65,0
DA:69,0
DA:70,0
DA:72,0
DA:73,0
DA:76,0
DA:79,0
DA:80,0
DA:81,0
DA:83,0
DA:84,0
DA:86,0
DA:89,0
DA:91,0
DA:92,0
DA:93,0
DA:94,0
DA:96,0
LF:37
LH:6
end_of_record
