TN:
SF:/home/user/PROJECTS/testAlloc/src/libs/heap.c
FN:42,_Z8heapInitPvt
FN:60,_Z5alloct
FN:103,_Z4freePh
FNDA:0,_Z5alloct
FNDA:0,_Z8heapInitPvt
FNDA:0,_Z4freePh
FNF:3
FNH:0
BRDA:66,0,0,-
BRDA:66,0,1,-
BRDA:69,0,0,-
BRDA:69,0,1,-
BRDA:74,0,0,-
BRDA:74,0,1,-
BRDA:79,0,0,-
BRDA:79,0,1,-
BRDA:83,0,0,-
BRDA:83,0,1,-
BRDA:105,0,0,-
BRDA:105,0,1,-
BRDA:105,0,2,-
BRDA:105,0,3,-
BRDA:108,0,0,-
BRDA:108,0,1,-
BRDA:108,0,2,-
BRDA:108,0,3,-
BRF:18
BRH:0
DA:42,0
DA:44,0
DA:47,0
DA:48,0
DA:49,0
DA:50,0
DA:51,0
DA:52,0
DA:53,0
DA:60,0
DA:62,0
DA:63,0
DA:66,0
DA:69,0
DA:72,0
DA:74,0
DA:75,0
DA:79,0
DA:80,0
DA:82,0
DA:83,0
DA:86,0
DA:89,0
DA:90,0
DA:91,0
DA:93,0
DA:94,0
DA:96,0
DA:103,0
DA:105,0
DA:106,0
DA:107,0
DA:108,0
DA:110,0
LF:34
LH:0
end_of_record
